<?xml version="1.0" encoding="UTF-8"?>
<testsuite name="com.joefol.MyAccounts.MyAccountsApplicationTests" tests="1" skipped="0" failures="0" errors="0" timestamp="2024-07-08T18:46:53" hostname="LAPTOP-O98F08K5" time="0.586">
  <properties/>
  <testcase name="contextLoads()" classname="com.joefol.MyAccounts.MyAccountsApplicationTests" time="0.586"/>
  <system-out><![CDATA[13:46:48.399 [Test worker] INFO org.springframework.test.context.support.AnnotationConfigContextLoaderUtils -- Could not detect default configuration classes for test class [com.joefol.MyAccounts.MyAccountsApplicationTests]: MyAccountsApplicationTests does not declare any static, non-private, non-final, nested classes annotated with @Configuration.
13:46:48.529 [Test worker] INFO org.springframework.boot.test.context.SpringBootTestContextBootstrapper -- Found @SpringBootConfiguration com.joefol.MyAccounts.MyAccountsApplication for test class com.joefol.MyAccounts.MyAccountsApplicationTests

  .   ____          _            __ _ _
 /\\ / ___'_ __ _ _(_)_ __  __ _ \ \ \ \
( ( )\___ | '_ | '_| | '_ \/ _` | \ \ \ \
 \\/  ___)| |_)| | | | | || (_| |  ) ) ) )
  '  |____| .__|_| |_|_| |_\__, | / / / /
 =========|_|==============|___/=/_/_/_/

 :: Spring Boot ::                (v3.3.1)

2024-07-08T13:46:49.039-05:00  INFO 16540 --- [MyAccounts] [    Test worker] c.j.M.MyAccountsApplicationTests         : Starting MyAccountsApplicationTests using Java 17.0.10 with PID 16540 (started by joefo in C:\Users\joefo\Desktop\MyAccounts)
2024-07-08T13:46:49.041-05:00  INFO 16540 --- [MyAccounts] [    Test worker] c.j.M.MyAccountsApplicationTests         : No active profile set, falling back to 1 default profile: "default"
2024-07-08T13:46:49.843-05:00  INFO 16540 --- [MyAccounts] [    Test worker] .s.d.r.c.RepositoryConfigurationDelegate : Bootstrapping Spring Data JPA repositories in DEFAULT mode.
2024-07-08T13:46:49.868-05:00  INFO 16540 --- [MyAccounts] [    Test worker] .s.d.r.c.RepositoryConfigurationDelegate : Finished Spring Data repository scanning in 14 ms. Found 0 JPA repository interfaces.
2024-07-08T13:46:50.466-05:00  INFO 16540 --- [MyAccounts] [    Test worker] o.hibernate.jpa.internal.util.LogHelper  : HHH000204: Processing PersistenceUnitInfo [name: default]
2024-07-08T13:46:50.566-05:00  INFO 16540 --- [MyAccounts] [    Test worker] org.hibernate.Version                    : HHH000412: Hibernate ORM core version 6.5.2.Final
2024-07-08T13:46:50.628-05:00  INFO 16540 --- [MyAccounts] [    Test worker] o.h.c.internal.RegionFactoryInitiator    : HHH000026: Second-level cache disabled
2024-07-08T13:46:51.054-05:00  INFO 16540 --- [MyAccounts] [    Test worker] o.s.o.j.p.SpringPersistenceUnitInfo      : No LoadTimeWeaver setup: ignoring JPA class transformer
2024-07-08T13:46:51.089-05:00  INFO 16540 --- [MyAccounts] [    Test worker] com.zaxxer.hikari.HikariDataSource       : HikariPool-1 - Starting...
2024-07-08T13:46:51.299-05:00  INFO 16540 --- [MyAccounts] [    Test worker] com.zaxxer.hikari.pool.HikariPool        : HikariPool-1 - Added connection org.postgresql.jdbc.PgConnection@3f6f9cef
2024-07-08T13:46:51.301-05:00  INFO 16540 --- [MyAccounts] [    Test worker] com.zaxxer.hikari.HikariDataSource       : HikariPool-1 - Start completed.
2024-07-08T13:46:51.337-05:00  WARN 16540 --- [MyAccounts] [    Test worker] org.hibernate.orm.deprecation            : HHH90000025: PostgreSQLDialect does not need to be specified explicitly using 'hibernate.dialect' (remove the property setting and it will be selected by default)
2024-07-08T13:46:52.394-05:00  INFO 16540 --- [MyAccounts] [    Test worker] o.h.e.t.j.p.i.JtaPlatformInitiator       : HHH000489: No JTA platform available (set 'hibernate.transaction.jta.platform' to enable JTA platform integration)
2024-07-08T13:46:52.441-05:00  INFO 16540 --- [MyAccounts] [    Test worker] j.LocalContainerEntityManagerFactoryBean : Initialized JPA EntityManagerFactory for persistence unit 'default'
2024-07-08T13:46:52.620-05:00  WARN 16540 --- [MyAccounts] [    Test worker] JpaBaseConfiguration$JpaWebConfiguration : spring.jpa.open-in-view is enabled by default. Therefore, database queries may be performed during view rendering. Explicitly configure spring.jpa.open-in-view to disable this warning
2024-07-08T13:46:53.072-05:00  WARN 16540 --- [MyAccounts] [    Test worker] o.thymeleaf.templatemode.TemplateMode    : [THYMELEAF][Test worker] Unknown Template Mode 'HTML5'. Must be one of: 'HTML', 'XML', 'TEXT', 'JAVASCRIPT', 'CSS', 'RAW'. Using default Template Mode 'HTML'.
2024-07-08T13:46:53.234-05:00  WARN 16540 --- [MyAccounts] [    Test worker] .s.s.UserDetailsServiceAutoConfiguration : 

Using generated security password: 9a98b364-c092-4742-b716-28f3c57ab6ab

This generated password is for development use only. Your security configuration must be updated before running your application in production.

2024-07-08T13:46:53.259-05:00  INFO 16540 --- [MyAccounts] [    Test worker] r$InitializeUserDetailsManagerConfigurer : Global AuthenticationManager configured with UserDetailsService bean with name inMemoryUserDetailsManager
2024-07-08T13:46:53.469-05:00  INFO 16540 --- [MyAccounts] [    Test worker] c.j.M.MyAccountsApplicationTests         : Started MyAccountsApplicationTests in 4.713 seconds (process running for 6.237)
]]></system-out>
  <system-err><![CDATA[]]></system-err>
</testsuite>
