<?xml version="1.0" encoding="UTF-8"?>
<testsuite name="com.joefol.MyAccounts.MyAccountsApplicationTests" tests="1" skipped="0" failures="0" errors="0" timestamp="2024-07-08T20:09:34" hostname="LAPTOP-O98F08K5" time="0.427">
  <properties/>
  <testcase name="contextLoads()" classname="com.joefol.MyAccounts.MyAccountsApplicationTests" time="0.427"/>
  <system-out><![CDATA[15:09:30.466 [Test worker] INFO org.springframework.test.context.support.AnnotationConfigContextLoaderUtils -- Could not detect default configuration classes for test class [com.joefol.MyAccounts.MyAccountsApplicationTests]: MyAccountsApplicationTests does not declare any static, non-private, non-final, nested classes annotated with @Configuration.
15:09:30.570 [Test worker] INFO org.springframework.boot.test.context.SpringBootTestContextBootstrapper -- Found @SpringBootConfiguration com.joefol.MyAccounts.MyAccountsApplication for test class com.joefol.MyAccounts.MyAccountsApplicationTests

  .   ____          _            __ _ _
 /\\ / ___'_ __ _ _(_)_ __  __ _ \ \ \ \
( ( )\___ | '_ | '_| | '_ \/ _` | \ \ \ \
 \\/  ___)| |_)| | | | | || (_| |  ) ) ) )
  '  |____| .__|_| |_|_| |_\__, | / / / /
 =========|_|==============|___/=/_/_/_/

 :: Spring Boot ::                (v3.3.1)

2024-07-08T15:09:30.969-05:00  INFO 28084 --- [MyAccounts] [    Test worker] c.j.M.MyAccountsApplicationTests         : Starting MyAccountsApplicationTests using Java 17.0.10 with PID 28084 (started by joefo in C:\Users\joefo\Desktop\AccountManager)
2024-07-08T15:09:30.970-05:00  INFO 28084 --- [MyAccounts] [    Test worker] c.j.M.MyAccountsApplicationTests         : No active profile set, falling back to 1 default profile: "default"
2024-07-08T15:09:31.578-05:00  INFO 28084 --- [MyAccounts] [    Test worker] .s.d.r.c.RepositoryConfigurationDelegate : Bootstrapping Spring Data JPA repositories in DEFAULT mode.
2024-07-08T15:09:31.631-05:00  INFO 28084 --- [MyAccounts] [    Test worker] .s.d.r.c.RepositoryConfigurationDelegate : Finished Spring Data repository scanning in 45 ms. Found 1 JPA repository interface.
2024-07-08T15:09:32.200-05:00  INFO 28084 --- [MyAccounts] [    Test worker] o.hibernate.jpa.internal.util.LogHelper  : HHH000204: Processing PersistenceUnitInfo [name: default]
2024-07-08T15:09:32.264-05:00  INFO 28084 --- [MyAccounts] [    Test worker] org.hibernate.Version                    : HHH000412: Hibernate ORM core version 6.5.2.Final
2024-07-08T15:09:32.303-05:00  INFO 28084 --- [MyAccounts] [    Test worker] o.h.c.internal.RegionFactoryInitiator    : HHH000026: Second-level cache disabled
2024-07-08T15:09:32.627-05:00  INFO 28084 --- [MyAccounts] [    Test worker] o.s.o.j.p.SpringPersistenceUnitInfo      : No LoadTimeWeaver setup: ignoring JPA class transformer
2024-07-08T15:09:32.650-05:00  INFO 28084 --- [MyAccounts] [    Test worker] com.zaxxer.hikari.HikariDataSource       : HikariPool-1 - Starting...
2024-07-08T15:09:32.814-05:00  INFO 28084 --- [MyAccounts] [    Test worker] com.zaxxer.hikari.pool.HikariPool        : HikariPool-1 - Added connection org.postgresql.jdbc.PgConnection@79d49790
2024-07-08T15:09:32.816-05:00  INFO 28084 --- [MyAccounts] [    Test worker] com.zaxxer.hikari.HikariDataSource       : HikariPool-1 - Start completed.
2024-07-08T15:09:32.859-05:00  WARN 28084 --- [MyAccounts] [    Test worker] org.hibernate.orm.deprecation            : HHH90000025: PostgreSQLDialect does not need to be specified explicitly using 'hibernate.dialect' (remove the property setting and it will be selected by default)
2024-07-08T15:09:33.693-05:00  INFO 28084 --- [MyAccounts] [    Test worker] o.h.e.t.j.p.i.JtaPlatformInitiator       : HHH000489: No JTA platform available (set 'hibernate.transaction.jta.platform' to enable JTA platform integration)
2024-07-08T15:09:33.731-05:00  INFO 28084 --- [MyAccounts] [    Test worker] j.LocalContainerEntityManagerFactoryBean : Initialized JPA EntityManagerFactory for persistence unit 'default'
2024-07-08T15:09:33.871-05:00  WARN 28084 --- [MyAccounts] [    Test worker] JpaBaseConfiguration$JpaWebConfiguration : spring.jpa.open-in-view is enabled by default. Therefore, database queries may be performed during view rendering. Explicitly configure spring.jpa.open-in-view to disable this warning
2024-07-08T15:09:34.194-05:00  WARN 28084 --- [MyAccounts] [    Test worker] o.thymeleaf.templatemode.TemplateMode    : [THYMELEAF][Test worker] Unknown Template Mode 'HTML5'. Must be one of: 'HTML', 'XML', 'TEXT', 'JAVASCRIPT', 'CSS', 'RAW'. Using default Template Mode 'HTML'.
2024-07-08T15:09:34.490-05:00  WARN 28084 --- [MyAccounts] [    Test worker] .s.s.UserDetailsServiceAutoConfiguration : 

Using generated security password: 156131c9-0750-4c71-b4fc-478ccdcb854c

This generated password is for development use only. Your security configuration must be updated before running your application in production.

2024-07-08T15:09:34.511-05:00  INFO 28084 --- [MyAccounts] [    Test worker] r$InitializeUserDetailsManagerConfigurer : Global AuthenticationManager configured with UserDetailsService bean with name inMemoryUserDetailsManager
2024-07-08T15:09:34.665-05:00  INFO 28084 --- [MyAccounts] [    Test worker] c.j.M.MyAccountsApplicationTests         : Started MyAccountsApplicationTests in 3.914 seconds (process running for 5.022)
]]></system-out>
  <system-err><![CDATA[]]></system-err>
</testsuite>
